<?xml version="1.0" encoding="utf-8"?><testsuites name="pytest tests"><testsuite name="pytest" errors="0" failures="0" skipped="0" tests="23" time="2.096" timestamp="2026-05-30T19:23:17.785430+00:00" hostname="agent-env-24b889f9-6710-4eb0-8860-66eb46fed4d7"><testcase classname="tests.backend_test.TestPublic" name="test_health" time="0.004" /><testcase classname="tests.backend_test.TestPublic" name="test_doctors_list" time="0.005" /><testcase classname="tests.backend_test.TestPublic" name="test_doctor_detail_farhana" time="0.008" /><testcase classname="tests.backend_test.TestPublic" name="test_specializations" time="0.002" /><testcase classname="tests.backend_test.TestPublic" name="test_divisions" time="0.002" /><testcase classname="tests.backend_test.TestPublic" name="test_suggestions" time="0.004" /><testcase classname="tests.backend_test.TestAuth" name="test_admin_login_success" time="0.235" /><testcase classname="tests.backend_test.TestAuth" name="test_admin_login_wrong_pw" time="0.233" /><testcase classname="tests.backend_test.TestAuth" name="test_doctor_login_success" time="0.233" /><testcase classname="tests.backend_test.TestAuth" name="test_me_with_bearer" time="0.236" /><testcase classname="tests.backend_test.TestAuth" name="test_unauth_protected" time="0.002" /><testcase classname="tests.backend_test.TestAuth" name="test_brute_force_lockout" time="0.015" /><testcase classname="tests.backend_test.TestRegistration" name="test_register_approve_then_login" time="0.707" /><testcase classname="tests.backend_test.TestRegistration" name="test_register_reject" time="0.237" /><testcase classname="tests.backend_test.TestAdmin" name="test_stats" time="0.003" /><testcase classname="tests.backend_test.TestAdmin" name="test_admin_doctors_and_verify" time="0.008" /><testcase classname="tests.backend_test.TestAppointments" name="test_slots_and_book_and_conflict" time="0.018" /><testcase classname="tests.backend_test.TestDoctorSelf" name="test_me_get_update" time="0.008" /><testcase classname="tests.backend_test.TestDoctorSelf" name="test_education_crud" time="0.006" /><testcase classname="tests.backend_test.TestDoctorSelf" name="test_availability_crud" time="0.010" /><testcase classname="tests.backend_test.TestDoctorSelf" name="test_chamber_and_schedule" time="0.010" /><testcase classname="tests.backend_test.TestRBAC" name="test_doctor_cannot_admin" time="0.002" /><testcase classname="tests.backend_test.TestRBAC" name="test_admin_cannot_doctor_me" time="0.001" /></testsuite></testsuites>